<?xml version="1.0" encoding="UTF-8"?>
<!-- Generated by org.testng.reporters.JUnitXMLReporter -->
<testsuite ignored="2" hostname="ATDEV283L1" failures="0" tests="1" name="Default test" time="28.985" errors="0" timestamp="2023-12-12T18:51:50 IST">
  <testcase classname="qa.ybl.testcases.TestUpload" name="ApproveFile" time="20.888"/>
  <testcase classname="qa.ybl.testcases.TestUpload" name="Upload_File" time="0.0">
    <ignored/>
  </testcase> <!-- Upload_File -->
  <testcase classname="qa.ybl.testcases.TestUpload" name="Upload_Files" time="0.0">
    <ignored/>
  </testcase> <!-- Upload_Files -->
</testsuite> <!-- Default test -->
