<?xml version="1.0" encoding="UTF-8"?>
<!-- Generated by org.testng.reporters.JUnitXMLReporter -->
<testsuite ignored="0" hostname="ATDEV283L1" failures="0" tests="49" name="Default test" time="1020.741" errors="0" timestamp="2024-02-02T16:52:06 IST">
  <testcase classname="qa.ybl.testcases.TestUserCreation" name="testCreateUser" time="29.532"/>
  <testcase classname="qa.ybl.testcases.TestUserCreation" name="testCreateUser" time="27.015"/>
  <testcase classname="qa.ybl.testcases.TestUserCreation" name="testCreateUser" time="32.302"/>
  <testcase classname="qa.ybl.testcases.TestUserCreation" name="testCreateUser" time="19.492"/>
  <testcase classname="qa.ybl.testcases.TestUserCreation" name="testCreateUser" time="14.583"/>
  <testcase classname="qa.ybl.testcases.TestUserCreation" name="testCreateUser" time="40.041"/>
  <testcase classname="qa.ybl.testcases.TestUserCreation" name="testCreateUser" time="19.202"/>
  <testcase classname="qa.ybl.testcases.TestUserCreation" name="testCreateUser" time="35.405"/>
  <testcase classname="qa.ybl.testcases.TestUserCreation" name="testCreateUser" time="11.401"/>
  <testcase classname="qa.ybl.testcases.TestUserCreation" name="testCreateUser" time="13.451"/>
  <testcase classname="qa.ybl.testcases.TestUserCreation" name="testCreateUser" time="42.578"/>
  <testcase classname="qa.ybl.testcases.TestUserCreation" name="testCreateUser" time="33.748"/>
  <testcase classname="qa.ybl.testcases.TestUserCreation" name="testCreateUser" time="29.363"/>
  <testcase classname="qa.ybl.testcases.TestUserCreation" name="testCreateUser" time="10.885"/>
  <testcase classname="qa.ybl.testcases.TestUserCreation" name="testCreateUser" time="18.988"/>
  <testcase classname="qa.ybl.testcases.TestUserCreation" name="testCreateUser" time="34.657"/>
  <testcase classname="qa.ybl.testcases.TestUserCreation" name="testCreateUser" time="10.723"/>
  <testcase classname="qa.ybl.testcases.TestUserCreation" name="testCreateUser" time="27.464"/>
  <testcase classname="qa.ybl.testcases.TestUserCreation" name="testCreateUser" time="20.611"/>
  <testcase classname="qa.ybl.testcases.TestUserCreation" name="testCreateUser" time="10.328"/>
  <testcase classname="qa.ybl.testcases.TestUserCreation" name="testCreateUser" time="26.884"/>
  <testcase classname="qa.ybl.testcases.TestUserCreation" name="testCreateUser" time="10.765"/>
  <testcase classname="qa.ybl.testcases.TestUserCreation" name="testCreateUser" time="9.677"/>
  <testcase classname="qa.ybl.testcases.TestUserCreation" name="testCreateUser" time="11.537"/>
  <testcase classname="qa.ybl.testcases.TestUserCreation" name="testCreateUser" time="23.76"/>
  <testcase classname="qa.ybl.testcases.TestUserCreation" name="testCreateUser" time="29.493"/>
  <testcase classname="qa.ybl.testcases.TestUserCreation" name="testCreateUser" time="8.698"/>
  <testcase classname="qa.ybl.testcases.TestUserCreation" name="testCreateUser" time="19.868"/>
  <testcase classname="qa.ybl.testcases.TestUserCreation" name="testCreateUser" time="20.513"/>
  <testcase classname="qa.ybl.testcases.TestUserCreation" name="testCreateUser" time="15.622"/>
  <testcase classname="qa.ybl.testcases.TestUserCreation" name="testCreateUser" time="22.98"/>
  <testcase classname="qa.ybl.testcases.TestUserCreation" name="testCreateUser" time="17.284"/>
  <testcase classname="qa.ybl.testcases.TestUserCreation" name="testCreateUser" time="14.998"/>
  <testcase classname="qa.ybl.testcases.TestUserCreation" name="testCreateUser" time="8.5"/>
  <testcase classname="qa.ybl.testcases.TestUserCreation" name="testCreateUser" time="29.561"/>
  <testcase classname="qa.ybl.testcases.TestUserCreation" name="testCreateUser" time="14.923"/>
  <testcase classname="qa.ybl.testcases.TestUserCreation" name="testCreateUser" time="8.793"/>
  <testcase classname="qa.ybl.testcases.TestUserCreation" name="testCreateUser" time="12.711"/>
  <testcase classname="qa.ybl.testcases.TestUserCreation" name="testCreateUser" time="30.747"/>
  <testcase classname="qa.ybl.testcases.TestUserCreation" name="testCreateUser" time="18.153"/>
  <testcase classname="qa.ybl.testcases.TestUserCreation" name="testCreateUser" time="13.53"/>
  <testcase classname="qa.ybl.testcases.TestUserCreation" name="testCreateUser" time="28.819"/>
  <testcase classname="qa.ybl.testcases.TestUserCreation" name="testCreateUser" time="9.488"/>
  <testcase classname="qa.ybl.testcases.TestUserCreation" name="testCreateUser" time="13.621"/>
  <testcase classname="qa.ybl.testcases.TestUserCreation" name="testCreateUser" time="15.618"/>
  <testcase classname="qa.ybl.testcases.TestUserCreation" name="testCreateUser" time="24.677"/>
  <testcase classname="qa.ybl.testcases.TestUserCreation" name="testCreateUser" time="13.36"/>
  <testcase classname="qa.ybl.testcases.TestUserCreation" name="testCreateUser" time="10.967"/>
  <testcase classname="qa.ybl.testcases.TestUserCreation" name="testCreateUser" time="36.652"/>
</testsuite> <!-- Default test -->
