<?xml version="1.0" encoding="UTF-8"?>
<testng-results ignored="0" total="5" passed="4" failed="1" skipped="0">
  <reporter-output>
  </reporter-output>
  <suite started-at="2023-12-07T10:33:04 IST" name="Default suite" finished-at="2023-12-07T10:33:17 IST" duration-ms="13041">
    <groups>
    </groups>
    <test started-at="2023-12-07T10:33:04 IST" name="Default test" finished-at="2023-12-07T10:33:17 IST" duration-ms="13041">
      <class name="qa.ybl.testcases.TestLogin">
        <test-method is-config="true" signature="setup()[pri:0, instance:qa.ybl.testcases.TestLogin@53fe15ff]" started-at="2023-12-07T10:33:04 IST" name="setup" finished-at="2023-12-07T10:33:10 IST" duration-ms="6344" status="PASS">
          <reporter-output>
          </reporter-output>
        </test-method> <!-- setup -->
        <test-method signature="Login_to_app(java.lang.String,java.lang.String,java.lang.String,java.lang.String,java.lang.String,java.lang.String,java.lang.String)[pri:5, instance:qa.ybl.testcases.TestLogin@53fe15ff]" started-at="2023-12-07T10:33:12 IST" name="Login_to_app" data-provider="logindetails" finished-at="2023-12-07T10:33:15 IST" duration-ms="2501" status="PASS">
          <params>
            <param index="0">
              <value>
                <![CDATA[4]]>
              </value>
            </param>
            <param index="1">
              <value>
                <![CDATA[Verify that application is displaying error message if account is locked]]>
              </value>
            </param>
            <param index="2">
              <value>
                <![CDATA[rakesh]]>
              </value>
            </param>
            <param index="3">
              <value>
                <![CDATA[yesbank@123]]>
              </value>
            </param>
            <param index="4">
              <value>
                <![CDATA[testing]]>
              </value>
            </param>
            <param index="5">
              <value>
                <![CDATA[Account is Locked/InActive]]>
              </value>
            </param>
            <param index="6">
              <value is-null="true"/>
            </param>
          </params>
          <reporter-output>
          </reporter-output>
        </test-method> <!-- Login_to_app -->
        <test-method signature="Login_to_app(java.lang.String,java.lang.String,java.lang.String,java.lang.String,java.lang.String,java.lang.String,java.lang.String)[pri:5, instance:qa.ybl.testcases.TestLogin@53fe15ff]" started-at="2023-12-07T10:33:12 IST" name="Login_to_app" data-provider="logindetails" finished-at="2023-12-07T10:33:15 IST" duration-ms="2496" status="PASS">
          <params>
            <param index="0">
              <value>
                <![CDATA[1]]>
              </value>
            </param>
            <param index="1">
              <value>
                <![CDATA[Verify that application is getting login with valid username and password.]]>
              </value>
            </param>
            <param index="2">
              <value>
                <![CDATA[harish]]>
              </value>
            </param>
            <param index="3">
              <value>
                <![CDATA[ybl@123456]]>
              </value>
            </param>
            <param index="4">
              <value>
                <![CDATA[testing]]>
              </value>
            </param>
            <param index="5">
              <value>
                <![CDATA[MainNavigation]]>
              </value>
            </param>
            <param index="6">
              <value is-null="true"/>
            </param>
          </params>
          <reporter-output>
          </reporter-output>
        </test-method> <!-- Login_to_app -->
        <test-method signature="Login_to_app(java.lang.String,java.lang.String,java.lang.String,java.lang.String,java.lang.String,java.lang.String,java.lang.String)[pri:5, instance:qa.ybl.testcases.TestLogin@53fe15ff]" started-at="2023-12-07T10:33:12 IST" name="Login_to_app" data-provider="logindetails" finished-at="2023-12-07T10:33:15 IST" duration-ms="2496" status="PASS">
          <params>
            <param index="0">
              <value>
                <![CDATA[5]]>
              </value>
            </param>
            <param index="1">
              <value>
                <![CDATA[Verify that application is displaying error message if invalid captcha is provided]]>
              </value>
            </param>
            <param index="2">
              <value>
                <![CDATA[harish]]>
              </value>
            </param>
            <param index="3">
              <value>
                <![CDATA[ybl@123456]]>
              </value>
            </param>
            <param index="4">
              <value>
                <![CDATA[test]]>
              </value>
            </param>
            <param index="5">
              <value>
                <![CDATA[Invalid Captcha Code]]>
              </value>
            </param>
            <param index="6">
              <value is-null="true"/>
            </param>
          </params>
          <reporter-output>
          </reporter-output>
        </test-method> <!-- Login_to_app -->
        <test-method signature="Login_to_app(java.lang.String,java.lang.String,java.lang.String,java.lang.String,java.lang.String,java.lang.String,java.lang.String)[pri:5, instance:qa.ybl.testcases.TestLogin@53fe15ff]" started-at="2023-12-07T10:33:12 IST" name="Login_to_app" data-provider="logindetails" finished-at="2023-12-07T10:33:15 IST" duration-ms="2496" status="PASS">
          <params>
            <param index="0">
              <value>
                <![CDATA[2]]>
              </value>
            </param>
            <param index="1">
              <value>
                <![CDATA[Verify that application is displaying error message if invalid username and valid passoword and capctha is provided.]]>
              </value>
            </param>
            <param index="2">
              <value>
                <![CDATA[harishh]]>
              </value>
            </param>
            <param index="3">
              <value>
                <![CDATA[ybl@123456]]>
              </value>
            </param>
            <param index="4">
              <value>
                <![CDATA[testing]]>
              </value>
            </param>
            <param index="5">
              <value>
                <![CDATA[Invalid Username or Password]]>
              </value>
            </param>
            <param index="6">
              <value is-null="true"/>
            </param>
          </params>
          <reporter-output>
          </reporter-output>
        </test-method> <!-- Login_to_app -->
        <test-method signature="Login_to_app(java.lang.String,java.lang.String,java.lang.String,java.lang.String,java.lang.String,java.lang.String,java.lang.String)[pri:5, instance:qa.ybl.testcases.TestLogin@53fe15ff]" started-at="2023-12-07T10:33:12 IST" name="Login_to_app" data-provider="logindetails" finished-at="2023-12-07T10:33:16 IST" duration-ms="3891" status="FAIL">
          <params>
            <param index="0">
              <value>
                <![CDATA[3]]>
              </value>
            </param>
            <param index="1">
              <value>
                <![CDATA[Verify that application is displaying error message if valid username , captcha and invalid password is provided.]]>
              </value>
            </param>
            <param index="2">
              <value>
                <![CDATA[harish]]>
              </value>
            </param>
            <param index="3">
              <value>
                <![CDATA[yesbank@123]]>
              </value>
            </param>
            <param index="4">
              <value>
                <![CDATA[testing]]>
              </value>
            </param>
            <param index="5">
              <value>
                <![CDATA[Invalid Username or Password]]>
              </value>
            </param>
            <param index="6">
              <value is-null="true"/>
            </param>
          </params>
          <exception class="java.lang.AssertionError">
            <message>
              <![CDATA[expected [true] but found [false]]]>
            </message>
            <full-stacktrace>
              <![CDATA[java.lang.AssertionError: expected [true] but found [false]
at org.testng.Assert.fail(Assert.java:111)
at org.testng.Assert.failNotEquals(Assert.java:1578)
at org.testng.Assert.assertTrue(Assert.java:57)
at org.testng.Assert.assertTrue(Assert.java:67)
at qa.ybl.testcases.TestLogin.Login_to_app(TestLogin.java:151)
at java.base/jdk.internal.reflect.DirectMethodHandleAccessor.invoke(DirectMethodHandleAccessor.java:104)
at java.base/java.lang.reflect.Method.invoke(Method.java:577)
at org.testng.internal.invokers.MethodInvocationHelper.invokeMethod(MethodInvocationHelper.java:139)
at org.testng.internal.invokers.TestInvoker.invokeMethod(TestInvoker.java:664)
at org.testng.internal.invokers.TestInvoker.invokeTestMethod(TestInvoker.java:227)
at org.testng.internal.invokers.TestMethodWithDataProviderMethodWorker.call(TestMethodWithDataProviderMethodWorker.java:80)
at org.testng.internal.invokers.TestMethodWithDataProviderMethodWorker.call(TestMethodWithDataProviderMethodWorker.java:17)
at java.base/java.util.concurrent.FutureTask.run(FutureTask.java:264)
at java.base/java.util.concurrent.Executors$RunnableAdapter.call(Executors.java:539)
at java.base/java.util.concurrent.FutureTask.run(FutureTask.java:264)
at java.base/java.util.concurrent.ThreadPoolExecutor.runWorker(ThreadPoolExecutor.java:1136)
at java.base/java.util.concurrent.ThreadPoolExecutor$Worker.run(ThreadPoolExecutor.java:635)
at java.base/java.lang.Thread.run(Thread.java:833)
]]>
            </full-stacktrace>
          </exception> <!-- java.lang.AssertionError -->
          <reporter-output>
          </reporter-output>
        </test-method> <!-- Login_to_app -->
        <test-method is-config="true" signature="quitdriver()[pri:0, instance:qa.ybl.testcases.TestLogin@53fe15ff]" started-at="2023-12-07T10:33:16 IST" name="quitdriver" finished-at="2023-12-07T10:33:17 IST" duration-ms="850" status="PASS">
          <reporter-output>
          </reporter-output>
        </test-method> <!-- quitdriver -->
      </class> <!-- qa.ybl.testcases.TestLogin -->
    </test> <!-- Default test -->
  </suite> <!-- Default suite -->
</testng-results>
