<?xml version="1.0" encoding="UTF-8"?>
<testng-results ignored="0" total="1" passed="1" failed="0" skipped="0">
  <reporter-output>
  </reporter-output>
  <suite started-at="2023-11-29T13:30:18 IST" name="Default suite" finished-at="2023-11-29T13:32:01 IST" duration-ms="102464">
    <groups>
    </groups>
    <test started-at="2023-11-29T13:30:18 IST" name="Default test" finished-at="2023-11-29T13:32:01 IST" duration-ms="102464">
      <class name="qa.ybl.testcases.TestUpload">
        <test-method is-config="true" signature="Setup()[pri:0, instance:qa.ybl.testcases.TestUpload@791f145a]" started-at="2023-11-29T13:30:19 IST" name="Setup" finished-at="2023-11-29T13:30:25 IST" duration-ms="6186" status="PASS">
          <reporter-output>
          </reporter-output>
        </test-method> <!-- Setup -->
        <test-method signature="Upload_Files(java.lang.String,java.lang.String,java.lang.String,java.lang.String,java.lang.String,java.lang.String,java.lang.String,java.lang.String,java.lang.String,java.lang.String)[pri:0, instance:qa.ybl.testcases.TestUpload@791f145a]" started-at="2023-11-29T13:30:25 IST" name="Upload_Files" data-provider="getuploaddata" finished-at="2023-11-29T13:32:00 IST" duration-ms="94396" status="PASS">
          <params>
            <param index="0">
              <value>
                <![CDATA[1]]>
              </value>
            </param>
            <param index="1">
              <value>
                <![CDATA[Verify that application is uploading CM file sucessfully]]>
              </value>
            </param>
            <param index="2">
              <value>
                <![CDATA[harish]]>
              </value>
            </param>
            <param index="3">
              <value>
                <![CDATA[ybl@123456]]>
              </value>
            </param>
            <param index="4">
              <value>
                <![CDATA[testing]]>
              </value>
            </param>
            <param index="5">
              <value>
                <![CDATA[UCEN]]>
              </value>
            </param>
            <param index="6">
              <value>
                <![CDATA[E:\Rakesh\Automation\New folder\Automation\YBL\Files]]>
              </value>
            </param>
            <param index="7">
              <value>
                <![CDATA[CM_octtest_52.xlsx]]>
              </value>
            </param>
            <param index="8">
              <value>
                <![CDATA[File Upload is in Queue. Unique Reference number is]]>
              </value>
            </param>
            <param index="9">
              <value is-null="true"/>
            </param>
          </params>
          <reporter-output>
          </reporter-output>
        </test-method> <!-- Upload_Files -->
        <test-method is-config="true" signature="Teardown()[pri:0, instance:qa.ybl.testcases.TestUpload@791f145a]" started-at="2023-11-29T13:32:00 IST" name="Teardown" finished-at="2023-11-29T13:32:01 IST" duration-ms="1102" status="PASS">
          <reporter-output>
          </reporter-output>
        </test-method> <!-- Teardown -->
      </class> <!-- qa.ybl.testcases.TestUpload -->
    </test> <!-- Default test -->
  </suite> <!-- Default suite -->
</testng-results>
